<?xml version="1.0" encoding="UTF-8"?>
<!-- Generated by org.testng.reporters.JUnitReportReporter -->
<testsuite hostname="ATMECSBLRLT-030" failures="0" tests="1" name="com.atmecs.test.testscripts.PutUserApiTesting" time="2.141" errors="0" timestamp="09 Nov 2020 01:00:14 GMT" skipped="0">
  <testcase classname="com.atmecs.test.testscripts.PutUserApiTesting" name="putData" time="2.141"/>
</testsuite> <!-- com.atmecs.test.testscripts.PutUserApiTesting -->
