<?xml version="1.0" encoding="UTF-8"?>
<!-- Generated by org.testng.reporters.JUnitReportReporter -->
<testsuite hostname="ATMECSBLRLT-030" failures="0" tests="1" name="com.atmecs.test.TestingPackage.TestingApiClass" time="3.293" errors="0" timestamp="04 Nov 2020 13:41:38 GMT" skipped="0">
  <testcase classname="com.atmecs.test.TestingPackage.TestingApiClass" name="testApi" time="3.293"/>
</testsuite> <!-- com.atmecs.test.TestingPackage.TestingApiClass -->
