<?xml version="1.0" encoding="UTF-8"?>
<!-- Generated by org.testng.reporters.JUnitReportReporter -->
<testsuite hostname="ATMECSBLRLT-030" failures="0" tests="1" name="com.atmecs.test.testscripts.ApiTest" time="3.731" errors="0" timestamp="04 Nov 2020 15:33:08 GMT" skipped="0">
  <testcase classname="com.atmecs.test.testscripts.ApiTest" name="testApi" time="3.731"/>
</testsuite> <!-- com.atmecs.test.testscripts.ApiTest -->
