<?xml version="1.0" encoding="UTF-8"?>
<!-- Generated by org.testng.reporters.JUnitReportReporter -->
<testsuite hostname="ATMECSBLRLT-030" failures="0" tests="1" name="com.atmecs.test.testscripts.DeleteUserApiTesting" time="1.723" errors="0" timestamp="09 Nov 2020 00:55:39 GMT" skipped="0">
  <testcase classname="com.atmecs.test.testscripts.DeleteUserApiTesting" name="deleteTestApi" time="1.723"/>
</testsuite> <!-- com.atmecs.test.testscripts.DeleteUserApiTesting -->
