<?xml version="1.0" encoding="UTF-8"?>
<!-- Generated by org.testng.reporters.JUnitReportReporter -->
<testsuite hostname="ATMECSBLRLT-030" failures="0" tests="1" name="com.atmecs.test.testscripts.GetUserApiTesting" time="2.072" errors="0" timestamp="09 Nov 2020 00:53:39 GMT" skipped="0">
  <testcase classname="com.atmecs.test.testscripts.GetUserApiTesting" name="testApi" time="2.072"/>
</testsuite> <!-- com.atmecs.test.testscripts.GetUserApiTesting -->
